0 info it worked if it ends with ok
1 verbose cli [ '/usr/local/bin/node', '/usr/local/bin/npm', 'start' ]
2 info using npm@2.14.20
3 info using node@v6.2.0
4 verbose run-script [ 'prestart', 'start', 'poststart' ]
5 info prestart reveal.js@3.4.1
6 info start reveal.js@3.4.1
7 verbose unsafe-perm in lifecycle true
8 info reveal.js@3.4.1 Failed to exec start script
9 verbose stack Error: reveal.js@3.4.1 start: `grunt serve`
9 verbose stack spawn ENOENT
9 verbose stack     at ChildProcess.<anonymous> (/usr/local/lib/node_modules/npm/lib/utils/spawn.js:17:16)
9 verbose stack     at emitTwo (events.js:106:13)
9 verbose stack     at ChildProcess.emit (events.js:191:7)
9 verbose stack     at maybeClose (internal/child_process.js:850:16)
9 verbose stack     at Process.ChildProcess._handle.onexit (internal/child_process.js:215:5)
10 verbose pkgid reveal.js@3.4.1
11 verbose cwd /Users/Raymi/Desktop/Raymi/workspace/Area51/Area51-Clases/slides
12 error Darwin 15.4.0
13 error argv "/usr/local/bin/node" "/usr/local/bin/npm" "start"
14 error node v6.2.0
15 error npm  v2.14.20
16 error file sh
17 error code ELIFECYCLE
18 error errno ENOENT
19 error syscall spawn
20 error reveal.js@3.4.1 start: `grunt serve`
20 error spawn ENOENT
21 error Failed at the reveal.js@3.4.1 start script 'grunt serve'.
21 error This is most likely a problem with the reveal.js package,
21 error not with npm itself.
21 error Tell the author that this fails on your system:
21 error     grunt serve
21 error You can get information on how to open an issue for this project with:
21 error     npm bugs reveal.js
21 error Or if that isn't available, you can get their info via:
21 error
21 error     npm owner ls reveal.js
21 error There is likely additional logging output above.
22 verbose exit [ 1, true ]
